<?xml version="1.0" encoding="UTF-8"?>
<!-- Generated by org.testng.reporters.JUnitReportReporter -->
<testsuite hostname="DESKTOP-GO5J5M6" failures="0" tests="1" name="collabera.LaunchApplication" time="10.131" errors="0" timestamp="2023-10-24T12:31:29 CST" skipped="0">
  <testcase classname="collabera.LaunchApplication" name="launchApp" time="10.131"/>
  <system-out/>
</testsuite> <!-- collabera.LaunchApplication -->
